2019-06-04 21:10:49.680 - INFO  [  restartedMain] o.s.b.StartupInfoLogger        : Starting InitpassionCacheApplication on HIH-D-11224 with PID 23504 (E:\initpassion\zed\initpassion-cache\target\classes started by tushenghong01 in E:\initpassion\zed)
2019-06-04 21:10:49.707 - INFO  [  restartedMain] o.s.b.SpringApplication        : No active profile set, falling back to default profiles: default
2019-06-04 21:10:49.767 - INFO  [  restartedMain] o.s.b.l.DeferredLog            : Devtools property defaults active! Set 'spring.devtools.add-properties' to 'false' to disable
2019-06-04 21:10:49.768 - INFO  [  restartedMain] o.s.b.l.DeferredLog            : For additional web related logging consider setting the 'logging.level.web' property to 'DEBUG'
2019-06-04 21:10:51.700 - INFO  [  restartedMain] o.s.b.w.e.t.TomcatWebServer    : Tomcat initialized with port(s): 8080 (http)
2019-06-04 21:10:51.716 - INFO  [  restartedMain] o.a.j.l.DirectJDKLog           : Initializing ProtocolHandler ["http-nio-8080"]
2019-06-04 21:10:51.730 - INFO  [  restartedMain] o.a.j.l.DirectJDKLog           : Starting service [Tomcat]
2019-06-04 21:10:51.732 - INFO  [  restartedMain] o.a.j.l.DirectJDKLog           : Starting Servlet Engine: Apache Tomcat/9.0.13
2019-06-04 21:10:51.744 - INFO  [  restartedMain] o.a.j.l.DirectJDKLog           : The APR based Apache Tomcat Native library which allows optimal performance in production environments was not found on the java.library.path: [C:\Program Files\Java\jdk1.8.0_161\bin;C:\Windows\Sun\Java\bin;C:\Windows\system32;C:\Windows;C:\Program Files (x86)\NetSarang\Xshell 6\;C:\Program Files (x86)\Common Files\Oracle\Java\javapath;D:\apache-maven-3.5.3\apache-maven-3.5.3\bin;C:\Program Files\Java\jdk1.8.0_161\bin;C:\Program Files\Java\jdk1.8.0_161\jre\bin;C:\ProgramData\Oracle\Java\javapath;C:\Windows\system32;C:\Windows;C:\Windows\System32\Wbem;C:\Windows\System32\WindowsPowerShell\v1.0\;D:\Git\cmd;D:\git\arcanist\bin;C:\Program Files\OpenVPN\bin;D:\hadoop-common-2.6.0-bin\hadoop-common-2.6.0-bin-master\bin;D:\hadoop-common-2.2.0-bin-master\bin;C:\Program Files\nodejs\;$HADOOP_HOME\bin;D:\php;D:\software\Microsoft VS Code\bin;E:\curl-7.62.0;C:\Program Files\Java\jdk1.8.0_161\bin;D:\cmder;C:\ProgramData\chocolatey\bin;C:\Program Files (x86)\vim\vim80;C:\Users\tushenghong01\AppData\Local\Microsoft\WindowsApps;;D:\software\Microsoft VS Code\bin;C:\Users\tushenghong01\AppData\Roaming\npm;C:\tools\mysql\current\bin;;.]
2019-06-04 21:10:51.973 - INFO  [  restartedMain] o.a.j.l.DirectJDKLog           : Initializing Spring embedded WebApplicationContext
2019-06-04 21:10:51.974 - INFO  [  restartedMain] letWebServerApplicationContext : Root WebApplicationContext: initialization completed in 2206 ms
2019-06-04 21:10:52.346 - WARN  [  restartedMain] c.s.AbstractApplicationContext : Exception encountered during context initialization - cancelling refresh attempt: org.springframework.beans.factory.BeanCreationException: Error creating bean with name 'goodsInfoController': Injection of resource dependencies failed; nested exception is org.springframework.beans.factory.BeanCreationException: Error creating bean with name 'goodsInfoServiceImpl': Injection of resource dependencies failed; nested exception is org.springframework.beans.factory.UnsatisfiedDependencyException: Error creating bean with name 'goodsInfoDAO' defined in file [E:\initpassion\zed\initpassion-cache\target\classes\com\initpassion\cache\dao\GoodsInfoDAO.class]: Unsatisfied dependency expressed through bean property 'sqlSessionFactory'; nested exception is org.springframework.beans.factory.BeanCreationException: Error creating bean with name 'sqlSessionFactory' defined in class path resource [org/mybatis/spring/boot/autoconfigure/MybatisAutoConfiguration.class]: Bean instantiation via factory method failed; nested exception is org.springframework.beans.BeanInstantiationException: Failed to instantiate [org.apache.ibatis.session.SqlSessionFactory]: Factory method 'sqlSessionFactory' threw exception; nested exception is java.lang.IllegalStateException: Property 'configuration' and 'configLocation' can not specified with together
2019-06-04 21:10:52.351 - INFO  [  restartedMain] o.a.j.l.DirectJDKLog           : Stopping service [Tomcat]
2019-06-04 21:10:52.379 - INFO  [  restartedMain] valuationReportLoggingListener : 

Error starting ApplicationContext. To display the conditions report re-run your application with 'debug' enabled.
2019-06-04 21:13:04.647 - INFO  [  restartedMain] o.s.b.StartupInfoLogger        : Starting InitpassionCacheApplication on HIH-D-11224 with PID 20204 (E:\initpassion\zed\initpassion-cache\target\classes started by tushenghong01 in E:\initpassion\zed)
2019-06-04 21:13:04.661 - INFO  [  restartedMain] o.s.b.SpringApplication        : No active profile set, falling back to default profiles: default
2019-06-04 21:13:04.815 - INFO  [  restartedMain] o.s.b.l.DeferredLog            : Devtools property defaults active! Set 'spring.devtools.add-properties' to 'false' to disable
2019-06-04 21:13:04.816 - INFO  [  restartedMain] o.s.b.l.DeferredLog            : For additional web related logging consider setting the 'logging.level.web' property to 'DEBUG'
2019-06-04 21:13:06.478 - INFO  [  restartedMain] o.s.b.w.e.t.TomcatWebServer    : Tomcat initialized with port(s): 8080 (http)
2019-06-04 21:13:06.506 - INFO  [  restartedMain] o.a.j.l.DirectJDKLog           : Initializing ProtocolHandler ["http-nio-8080"]
2019-06-04 21:13:06.529 - INFO  [  restartedMain] o.a.j.l.DirectJDKLog           : Starting service [Tomcat]
2019-06-04 21:13:06.530 - INFO  [  restartedMain] o.a.j.l.DirectJDKLog           : Starting Servlet Engine: Apache Tomcat/9.0.13
2019-06-04 21:13:06.542 - INFO  [  restartedMain] o.a.j.l.DirectJDKLog           : The APR based Apache Tomcat Native library which allows optimal performance in production environments was not found on the java.library.path: [C:\Program Files\Java\jdk1.8.0_161\bin;C:\Windows\Sun\Java\bin;C:\Windows\system32;C:\Windows;C:\Program Files (x86)\NetSarang\Xshell 6\;C:\Program Files (x86)\Common Files\Oracle\Java\javapath;D:\apache-maven-3.5.3\apache-maven-3.5.3\bin;C:\Program Files\Java\jdk1.8.0_161\bin;C:\Program Files\Java\jdk1.8.0_161\jre\bin;C:\ProgramData\Oracle\Java\javapath;C:\Windows\system32;C:\Windows;C:\Windows\System32\Wbem;C:\Windows\System32\WindowsPowerShell\v1.0\;D:\Git\cmd;D:\git\arcanist\bin;C:\Program Files\OpenVPN\bin;D:\hadoop-common-2.6.0-bin\hadoop-common-2.6.0-bin-master\bin;D:\hadoop-common-2.2.0-bin-master\bin;C:\Program Files\nodejs\;$HADOOP_HOME\bin;D:\php;D:\software\Microsoft VS Code\bin;E:\curl-7.62.0;C:\Program Files\Java\jdk1.8.0_161\bin;D:\cmder;C:\ProgramData\chocolatey\bin;C:\Program Files (x86)\vim\vim80;C:\Users\tushenghong01\AppData\Local\Microsoft\WindowsApps;;D:\software\Microsoft VS Code\bin;C:\Users\tushenghong01\AppData\Roaming\npm;C:\tools\mysql\current\bin;;.]
2019-06-04 21:13:06.790 - INFO  [  restartedMain] o.a.j.l.DirectJDKLog           : Initializing Spring embedded WebApplicationContext
2019-06-04 21:13:06.791 - INFO  [  restartedMain] letWebServerApplicationContext : Root WebApplicationContext: initialization completed in 1975 ms
2019-06-04 21:13:07.259 - WARN  [  restartedMain] c.s.AbstractApplicationContext : Exception encountered during context initialization - cancelling refresh attempt: org.springframework.beans.factory.BeanCreationException: Error creating bean with name 'goodsInfoController': Injection of resource dependencies failed; nested exception is org.springframework.beans.factory.BeanCreationException: Error creating bean with name 'goodsInfoServiceImpl': Injection of resource dependencies failed; nested exception is org.springframework.beans.factory.UnsatisfiedDependencyException: Error creating bean with name 'goodsInfoDAO' defined in file [E:\initpassion\zed\initpassion-cache\target\classes\com\initpassion\cache\dao\GoodsInfoDAO.class]: Unsatisfied dependency expressed through bean property 'sqlSessionFactory'; nested exception is org.springframework.beans.factory.BeanCreationException: Error creating bean with name 'sqlSessionFactory' defined in class path resource [org/mybatis/spring/boot/autoconfigure/MybatisAutoConfiguration.class]: Bean instantiation via factory method failed; nested exception is org.springframework.beans.BeanInstantiationException: Failed to instantiate [org.apache.ibatis.session.SqlSessionFactory]: Factory method 'sqlSessionFactory' threw exception; nested exception is java.lang.IllegalStateException: Property 'configuration' and 'configLocation' can not specified with together
2019-06-04 21:13:07.262 - INFO  [  restartedMain] o.a.j.l.DirectJDKLog           : Stopping service [Tomcat]
2019-06-04 21:13:07.290 - INFO  [  restartedMain] valuationReportLoggingListener : 

Error starting ApplicationContext. To display the conditions report re-run your application with 'debug' enabled.
